2023-11-03 20:04:16.9149 DEBUG Hosting starting
2023-11-03 20:04:17.2884 DEBUG Loaded hosting startup assembly MultiTracks.API
2023-11-03 20:04:17.2884 INFO Application started. Press Ctrl+C to shut down.
2023-11-03 20:04:17.2884 INFO Hosting environment: Development
2023-11-03 20:04:17.2884 INFO Content root path: C:\Users\IKECHUKWU\Desktop\MultiTracks\.net\MultiTracks.API
2023-11-03 20:04:17.2884 DEBUG Hosting started
2023-11-03 20:04:17.3519 INFO Request starting HTTP/2.0 GET https://localhost:44327/swagger/index.html  
2023-11-03 20:04:17.3564 DEBUG Wildcard detected, all requests with hosts will be allowed.
2023-11-03 20:04:17.3564 TRACE All hosts are allowed.
2023-11-03 20:04:17.4401 INFO Request finished in 90.9414ms 200 text/html;charset=utf-8
2023-11-03 20:04:17.7895 INFO Request starting HTTP/2.0 GET https://localhost:44327/swagger/v1/swagger.json  
2023-11-03 20:04:17.7895 TRACE All hosts are allowed.
2023-11-03 20:04:17.8153 INFO Request starting HTTP/2.0 GET https://localhost:44327/swagger/favicon-32x32.png  
2023-11-03 20:04:17.8153 TRACE All hosts are allowed.
2023-11-03 20:04:17.8310 TRACE Range header's value is empty.
2023-11-03 20:04:17.8423 INFO Sending file. Request path: '/favicon-32x32.png'. Physical path: 'N/A'
2023-11-03 20:04:17.8423 INFO Request finished in 27.3093ms 200 image/png
2023-11-03 20:04:17.9081 INFO Request finished in 118.8004ms 200 application/json;charset=utf-8
2023-11-03 20:04:45.5135 INFO Request starting HTTP/2.0 GET https://localhost:44327/api.multitracks.com/artist/search?artistName=Chris%20Tomlin  
2023-11-03 20:04:45.5135 TRACE All hosts are allowed.
2023-11-03 20:04:45.5135 DEBUG The request path  does not match the path filter
2023-11-03 20:04:45.5503 DEBUG 1 candidate(s) found for the request path '/api.multitracks.com/artist/search'
2023-11-03 20:04:45.5503 DEBUG Endpoint 'MultiTracks.API.Controllers.ArtistController.CreateNewArtist (MultiTracks.API)' with route pattern 'api.multitracks.com/artist/search' is valid for the request path '/api.multitracks.com/artist/search'
2023-11-03 20:04:45.5503 DEBUG Request matched endpoint 'MultiTracks.API.Controllers.ArtistController.CreateNewArtist (MultiTracks.API)'
2023-11-03 20:04:45.5503 INFO Executing endpoint 'MultiTracks.API.Controllers.ArtistController.CreateNewArtist (MultiTracks.API)'
2023-11-03 20:04:45.5503 DEBUG Registered model binder providers, in the following order: Microsoft.AspNetCore.Mvc.ModelBinding.Binders.BinderTypeModelBinderProvider, Microsoft.AspNetCore.Mvc.ModelBinding.Binders.ServicesModelBinderProvider, Microsoft.AspNetCore.Mvc.ModelBinding.Binders.BodyModelBinderProvider, Microsoft.AspNetCore.Mvc.ModelBinding.Binders.HeaderModelBinderProvider, Microsoft.AspNetCore.Mvc.ModelBinding.Binders.FloatingPointTypeModelBinderProvider, Microsoft.AspNetCore.Mvc.ModelBinding.Binders.EnumTypeModelBinderProvider, Microsoft.AspNetCore.Mvc.ModelBinding.Binders.SimpleTypeModelBinderProvider, Microsoft.AspNetCore.Mvc.ModelBinding.Binders.CancellationTokenModelBinderProvider, Microsoft.AspNetCore.Mvc.ModelBinding.Binders.ByteArrayModelBinderProvider, Microsoft.AspNetCore.Mvc.ModelBinding.Binders.FormFileModelBinderProvider, Microsoft.AspNetCore.Mvc.ModelBinding.Binders.FormCollectionModelBinderProvider, Microsoft.AspNetCore.Mvc.ModelBinding.Binders.KeyValuePairModelBinderProvider, Microsoft.AspNetCore.Mvc.ModelBinding.Binders.DictionaryModelBinderProvider, Microsoft.AspNetCore.Mvc.ModelBinding.Binders.ArrayModelBinderProvider, Microsoft.AspNetCore.Mvc.ModelBinding.Binders.CollectionModelBinderProvider, Microsoft.AspNetCore.Mvc.ModelBinding.Binders.ComplexTypeModelBinderProvider
2023-11-03 20:04:45.5797 INFO Route matched with {action = "CreateNewArtist", controller = "Artist"}. Executing controller action with signature System.Threading.Tasks.Task`1[Microsoft.AspNetCore.Mvc.IActionResult] CreateNewArtist(System.String) on controller MultiTracks.API.Controllers.ArtistController (MultiTracks.API).
2023-11-03 20:04:45.5797 DEBUG Execution plan of authorization filters (in the following order): None
2023-11-03 20:04:45.5797 DEBUG Execution plan of resource filters (in the following order): None
2023-11-03 20:04:45.5797 DEBUG Execution plan of action filters (in the following order): Microsoft.AspNetCore.Mvc.ModelBinding.UnsupportedContentTypeFilter (Order: -3000), Microsoft.AspNetCore.Mvc.Infrastructure.ModelStateInvalidFilter (Order: -2000)
2023-11-03 20:04:45.5797 DEBUG Execution plan of exception filters (in the following order): None
2023-11-03 20:04:45.5797 DEBUG Execution plan of result filters (in the following order): Microsoft.AspNetCore.Mvc.Infrastructure.ClientErrorResultFilter (Order: -2000)
2023-11-03 20:04:45.5797 DEBUG Executing controller factory for controller MultiTracks.API.Controllers.ArtistController (MultiTracks.API)
2023-11-03 20:04:46.0245 DEBUG An 'IServiceProvider' was created for internal use by Entity Framework.
2023-11-03 20:04:46.0896 DEBUG Executed controller factory for controller MultiTracks.API.Controllers.ArtistController (MultiTracks.API)
2023-11-03 20:04:46.0896 DEBUG Attempting to bind parameter 'artistName' of type 'System.String' ...
2023-11-03 20:04:46.0896 DEBUG Attempting to bind parameter 'artistName' of type 'System.String' using the name 'artistName' in request data ...
2023-11-03 20:04:46.0896 DEBUG Done attempting to bind parameter 'artistName' of type 'System.String'.
2023-11-03 20:04:46.0896 DEBUG Done attempting to bind parameter 'artistName' of type 'System.String'.
2023-11-03 20:04:46.0896 DEBUG Attempting to validate the bound parameter 'artistName' of type 'System.String' ...
2023-11-03 20:04:46.0896 DEBUG Done attempting to validate the bound parameter 'artistName' of type 'System.String'.
2023-11-03 20:04:46.0896 TRACE Action Filter: Before executing OnActionExecuting on filter Microsoft.AspNetCore.Mvc.ModelBinding.UnsupportedContentTypeFilter.
2023-11-03 20:04:46.0896 TRACE Action Filter: After executing OnActionExecuting on filter Microsoft.AspNetCore.Mvc.ModelBinding.UnsupportedContentTypeFilter.
2023-11-03 20:04:46.0896 TRACE Action Filter: Before executing OnActionExecuting on filter Microsoft.AspNetCore.Mvc.Infrastructure.ModelStateInvalidFilter.
2023-11-03 20:04:46.0896 TRACE Action Filter: After executing OnActionExecuting on filter Microsoft.AspNetCore.Mvc.Infrastructure.ModelStateInvalidFilter.
2023-11-03 20:04:46.0896 INFO Executing action method MultiTracks.API.Controllers.ArtistController.CreateNewArtist (MultiTracks.API) - Validation state: Valid
2023-11-03 20:04:46.0896 TRACE Executing action method MultiTracks.API.Controllers.ArtistController.CreateNewArtist (MultiTracks.API) with arguments (Chris Tomlin)
2023-11-03 20:04:46.0896 INFO Attempting to create new artist
2023-11-03 20:04:46.3759 INFO Entity Framework Core 3.1.32 initialized 'CoreDbContext' using provider 'Microsoft.EntityFrameworkCore.SqlServer' with options: None
2023-11-03 20:04:46.4809 DEBUG queryContext => ShapedQueryCompilingExpressionVisitor.SingleOrDefaultAsync<Artist>(
    asyncEnumerable: new QueryingEnumerable<Artist>(
        (RelationalQueryContext)queryContext, 
        RelationalCommandCache, 
        null, 
        null, 
        Func<QueryContext, DbDataReader, ResultContext, int[], ResultCoordinator, Artist>, 
        MultiTracks.API.Context.CoreDbContext, 
        null
    ), 
    cancellationToken: queryContext.CancellationToken)
2023-11-03 20:04:46.5004 DEBUG Creating DbCommand for 'ExecuteReader'.
2023-11-03 20:04:46.6774 DEBUG Created DbCommand for 'ExecuteReader' (174ms).
2023-11-03 20:04:46.6877 DEBUG Opening connection to database 'MultiTracksDB' on server 'DIGIT\SQLEXPRESS'.
2023-11-03 20:04:47.1164 DEBUG Opened connection to database 'MultiTracksDB' on server 'DIGIT\SQLEXPRESS'.
2023-11-03 20:04:47.1219 DEBUG Executing DbCommand [Parameters=[@__artistName_0='?' (Size = 100) (DbType = AnsiString)], CommandType='Text', CommandTimeout='30']
SELECT TOP(1) [a].[artistID], [a].[biography], [a].[dateCreation], [a].[heroURL], [a].[imageURL], [a].[title]
FROM [Artist] AS [a]
WHERE [a].[title] = @__artistName_0
2023-11-03 20:04:47.1744 INFO Executed DbCommand (53ms) [Parameters=[@__artistName_0='?' (Size = 100) (DbType = AnsiString)], CommandType='Text', CommandTimeout='30']
SELECT TOP(1) [a].[artistID], [a].[biography], [a].[dateCreation], [a].[heroURL], [a].[imageURL], [a].[title]
FROM [Artist] AS [a]
WHERE [a].[title] = @__artistName_0
2023-11-03 20:04:47.2004 DEBUG Context 'CoreDbContext' started tracking 'Artist' entity. Consider using 'DbContextOptionsBuilder.EnableSensitiveDataLogging' to see key values.
2023-11-03 20:04:47.2195 DEBUG A data reader was disposed.
2023-11-03 20:04:47.2195 DEBUG Closing connection to database 'MultiTracksDB' on server 'DIGIT\SQLEXPRESS'.
2023-11-03 20:04:47.2195 DEBUG Closed connection to database 'MultiTracksDB' on server 'DIGIT\SQLEXPRESS'.
2023-11-03 20:04:47.2305 INFO Executed action method MultiTracks.API.Controllers.ArtistController.CreateNewArtist (MultiTracks.API), returned result Microsoft.AspNetCore.Mvc.OkObjectResult in 1126.6247ms.
2023-11-03 20:04:47.2305 TRACE Action Filter: Before executing OnActionExecuted on filter Microsoft.AspNetCore.Mvc.Infrastructure.ModelStateInvalidFilter.
2023-11-03 20:04:47.2305 TRACE Action Filter: After executing OnActionExecuted on filter Microsoft.AspNetCore.Mvc.Infrastructure.ModelStateInvalidFilter.
2023-11-03 20:04:47.2305 TRACE Action Filter: Before executing OnActionExecuted on filter Microsoft.AspNetCore.Mvc.ModelBinding.UnsupportedContentTypeFilter.
2023-11-03 20:04:47.2305 TRACE Action Filter: After executing OnActionExecuted on filter Microsoft.AspNetCore.Mvc.ModelBinding.UnsupportedContentTypeFilter.
2023-11-03 20:04:47.2305 TRACE Result Filter: Before executing OnResultExecuting on filter Microsoft.AspNetCore.Mvc.Infrastructure.ClientErrorResultFilter.
2023-11-03 20:04:47.2305 TRACE Result Filter: After executing OnResultExecuting on filter Microsoft.AspNetCore.Mvc.Infrastructure.ClientErrorResultFilter.
2023-11-03 20:04:47.2305 TRACE Before executing action result Microsoft.AspNetCore.Mvc.OkObjectResult.
2023-11-03 20:04:47.2305 DEBUG List of registered output formatters, in the following order: Microsoft.AspNetCore.Mvc.Formatters.HttpNoContentOutputFormatter, Microsoft.AspNetCore.Mvc.Formatters.StringOutputFormatter, Microsoft.AspNetCore.Mvc.Formatters.StreamOutputFormatter, Microsoft.AspNetCore.Mvc.Formatters.SystemTextJsonOutputFormatter
2023-11-03 20:04:47.2305 DEBUG No information found on request to perform content negotiation.
2023-11-03 20:04:47.2305 DEBUG Attempting to select an output formatter without using a content type as no explicit content types were specified for the response.
2023-11-03 20:04:47.2305 DEBUG Attempting to select the first formatter in the output formatters list which can write the result.
2023-11-03 20:04:47.2305 DEBUG Selected output formatter 'Microsoft.AspNetCore.Mvc.Formatters.SystemTextJsonOutputFormatter' and content type 'application/json' to write the response.
2023-11-03 20:04:47.2305 INFO Executing ObjectResult, writing value of type 'MultiTracks.API.Models.DTO.Response`1[[MultiTracks.API.Models.Artist, MultiTracks.API, Version=1.0.0.0, Culture=neutral, PublicKeyToken=null]]'.
2023-11-03 20:04:47.2305 TRACE After executing action result Microsoft.AspNetCore.Mvc.OkObjectResult.
2023-11-03 20:04:47.2305 TRACE Result Filter: Before executing OnResultExecuted on filter Microsoft.AspNetCore.Mvc.Infrastructure.ClientErrorResultFilter.
2023-11-03 20:04:47.2305 TRACE Result Filter: After executing OnResultExecuted on filter Microsoft.AspNetCore.Mvc.Infrastructure.ClientErrorResultFilter.
2023-11-03 20:04:47.2305 INFO Executed action MultiTracks.API.Controllers.ArtistController.CreateNewArtist (MultiTracks.API) in 1659.5508ms
2023-11-03 20:04:47.2305 INFO Executed endpoint 'MultiTracks.API.Controllers.ArtistController.CreateNewArtist (MultiTracks.API)'
2023-11-03 20:04:47.2305 DEBUG 'CoreDbContext' disposed.
2023-11-03 20:04:47.2305 INFO Request finished in 1731.5648ms 200 application/json; charset=utf-8
2023-11-03 20:04:59.0833 INFO Request starting HTTP/2.0 GET https://localhost:44327/api/song/list  
2023-11-03 20:04:59.0833 TRACE All hosts are allowed.
2023-11-03 20:04:59.0909 DEBUG The request path  does not match the path filter
2023-11-03 20:04:59.0909 DEBUG 1 candidate(s) found for the request path '/api/song/list'
2023-11-03 20:04:59.0909 DEBUG Endpoint 'MultiTracks.API.Controllers.SongController.GetAllSongs (MultiTracks.API)' with route pattern 'api/song/list' is valid for the request path '/api/song/list'
2023-11-03 20:04:59.0909 DEBUG Request matched endpoint 'MultiTracks.API.Controllers.SongController.GetAllSongs (MultiTracks.API)'
2023-11-03 20:04:59.0909 INFO Executing endpoint 'MultiTracks.API.Controllers.SongController.GetAllSongs (MultiTracks.API)'
2023-11-03 20:04:59.0909 INFO Route matched with {action = "GetAllSongs", controller = "Song"}. Executing controller action with signature System.Threading.Tasks.Task`1[Microsoft.AspNetCore.Mvc.IActionResult] GetAllSongs(MultiTracks.API.Models.Pagination.PaginationFilter) on controller MultiTracks.API.Controllers.SongController (MultiTracks.API).
2023-11-03 20:04:59.0909 DEBUG Execution plan of authorization filters (in the following order): None
2023-11-03 20:04:59.0909 DEBUG Execution plan of resource filters (in the following order): None
2023-11-03 20:04:59.0909 DEBUG Execution plan of action filters (in the following order): Microsoft.AspNetCore.Mvc.ModelBinding.UnsupportedContentTypeFilter (Order: -3000), Microsoft.AspNetCore.Mvc.Infrastructure.ModelStateInvalidFilter (Order: -2000)
2023-11-03 20:04:59.0909 DEBUG Execution plan of exception filters (in the following order): None
2023-11-03 20:04:59.0909 DEBUG Execution plan of result filters (in the following order): Microsoft.AspNetCore.Mvc.Infrastructure.ClientErrorResultFilter (Order: -2000)
2023-11-03 20:04:59.0909 DEBUG Executing controller factory for controller MultiTracks.API.Controllers.SongController (MultiTracks.API)
2023-11-03 20:04:59.0909 DEBUG Executed controller factory for controller MultiTracks.API.Controllers.SongController (MultiTracks.API)
2023-11-03 20:04:59.0909 DEBUG Attempting to bind parameter 'filter' of type 'MultiTracks.API.Models.Pagination.PaginationFilter' ...
2023-11-03 20:04:59.0909 DEBUG Attempting to bind parameter 'filter' of type 'MultiTracks.API.Models.Pagination.PaginationFilter' using the name '' in request data ...
2023-11-03 20:04:59.1046 DEBUG Could not find a value in the request with name 'PageNumber' for binding property 'MultiTracks.API.Models.Pagination.PaginationFilter.PageNumber' of type 'System.Int32'.
2023-11-03 20:04:59.1046 DEBUG Done attempting to bind property 'MultiTracks.API.Models.Pagination.PaginationFilter.PageNumber' of type 'System.Int32'.
2023-11-03 20:04:59.1046 DEBUG Could not find a value in the request with name 'PageSize' for binding property 'MultiTracks.API.Models.Pagination.PaginationFilter.PageSize' of type 'System.Int32'.
2023-11-03 20:04:59.1046 DEBUG Done attempting to bind property 'MultiTracks.API.Models.Pagination.PaginationFilter.PageSize' of type 'System.Int32'.
2023-11-03 20:04:59.1046 DEBUG Done attempting to bind parameter 'filter' of type 'MultiTracks.API.Models.Pagination.PaginationFilter'.
2023-11-03 20:04:59.1046 DEBUG Done attempting to bind parameter 'filter' of type 'MultiTracks.API.Models.Pagination.PaginationFilter'.
2023-11-03 20:04:59.1046 DEBUG Attempting to validate the bound parameter 'filter' of type 'MultiTracks.API.Models.Pagination.PaginationFilter' ...
2023-11-03 20:04:59.1046 DEBUG Done attempting to validate the bound parameter 'filter' of type 'MultiTracks.API.Models.Pagination.PaginationFilter'.
2023-11-03 20:04:59.1046 TRACE Action Filter: Before executing OnActionExecuting on filter Microsoft.AspNetCore.Mvc.ModelBinding.UnsupportedContentTypeFilter.
2023-11-03 20:04:59.1046 TRACE Action Filter: After executing OnActionExecuting on filter Microsoft.AspNetCore.Mvc.ModelBinding.UnsupportedContentTypeFilter.
2023-11-03 20:04:59.1046 TRACE Action Filter: Before executing OnActionExecuting on filter Microsoft.AspNetCore.Mvc.Infrastructure.ModelStateInvalidFilter.
2023-11-03 20:04:59.1046 TRACE Action Filter: After executing OnActionExecuting on filter Microsoft.AspNetCore.Mvc.Infrastructure.ModelStateInvalidFilter.
2023-11-03 20:04:59.1046 INFO Executing action method MultiTracks.API.Controllers.SongController.GetAllSongs (MultiTracks.API) - Validation state: Valid
2023-11-03 20:04:59.1046 TRACE Executing action method MultiTracks.API.Controllers.SongController.GetAllSongs (MultiTracks.API) with arguments (MultiTracks.API.Models.Pagination.PaginationFilter)
2023-11-03 20:04:59.1046 INFO Retrieving Songs from the database
2023-11-03 20:04:59.1270 INFO Entity Framework Core 3.1.32 initialized 'CoreDbContext' using provider 'Microsoft.EntityFrameworkCore.SqlServer' with options: None
2023-11-03 20:04:59.1270 DEBUG queryContext => ShapedQueryCompilingExpressionVisitor.SingleAsync<int>(
    asyncEnumerable: new QueryingEnumerable<int>(
        (RelationalQueryContext)queryContext, 
        RelationalCommandCache, 
        null, 
        null, 
        Func<QueryContext, DbDataReader, ResultContext, int[], ResultCoordinator, int>, 
        MultiTracks.API.Context.CoreDbContext, 
        null
    ), 
    cancellationToken: queryContext.CancellationToken)
2023-11-03 20:04:59.1270 DEBUG Creating DbCommand for 'ExecuteReader'.
2023-11-03 20:04:59.1365 DEBUG Created DbCommand for 'ExecuteReader' (0ms).
2023-11-03 20:04:59.1365 DEBUG Opening connection to database 'MultiTracksDB' on server 'DIGIT\SQLEXPRESS'.
2023-11-03 20:04:59.1365 DEBUG Opened connection to database 'MultiTracksDB' on server 'DIGIT\SQLEXPRESS'.
2023-11-03 20:04:59.1365 DEBUG Executing DbCommand [Parameters=[], CommandType='Text', CommandTimeout='30']
SELECT COUNT(*)
FROM [Song] AS [s]
2023-11-03 20:04:59.1560 INFO Executed DbCommand (7ms) [Parameters=[], CommandType='Text', CommandTimeout='30']
SELECT COUNT(*)
FROM [Song] AS [s]
2023-11-03 20:04:59.1560 DEBUG A data reader was disposed.
2023-11-03 20:04:59.1560 DEBUG Closing connection to database 'MultiTracksDB' on server 'DIGIT\SQLEXPRESS'.
2023-11-03 20:04:59.1560 DEBUG Closed connection to database 'MultiTracksDB' on server 'DIGIT\SQLEXPRESS'.
2023-11-03 20:04:59.1560 DEBUG queryContext => new QueryingEnumerable<Song>(
    (RelationalQueryContext)queryContext, 
    RelationalCommandCache, 
    null, 
    null, 
    Func<QueryContext, DbDataReader, ResultContext, int[], ResultCoordinator, Song>, 
    MultiTracks.API.Context.CoreDbContext, 
    null
)
2023-11-03 20:04:59.1560 DEBUG Creating DbCommand for 'ExecuteReader'.
2023-11-03 20:04:59.1560 DEBUG Created DbCommand for 'ExecuteReader' (0ms).
2023-11-03 20:04:59.1560 DEBUG Opening connection to database 'MultiTracksDB' on server 'DIGIT\SQLEXPRESS'.
2023-11-03 20:04:59.1767 DEBUG Opened connection to database 'MultiTracksDB' on server 'DIGIT\SQLEXPRESS'.
2023-11-03 20:04:59.1767 DEBUG Executing DbCommand [Parameters=[@__p_0='?' (DbType = Int32), @__p_1='?' (DbType = Int32)], CommandType='Text', CommandTimeout='30']
SELECT [s].[songID], [s].[albumID], [s].[artistID], [s].[bpm], [s].[chart], [s].[customMix], [s].[dateCreation], [s].[multitracks], [s].[patches], [s].[proPresenter], [s].[rehearsalMix], [s].[songSpecificPatches], [s].[timeSignature], [s].[title]
FROM [Song] AS [s]
ORDER BY (SELECT 1)
OFFSET @__p_0 ROWS FETCH NEXT @__p_1 ROWS ONLY
2023-11-03 20:04:59.1852 INFO Executed DbCommand (8ms) [Parameters=[@__p_0='?' (DbType = Int32), @__p_1='?' (DbType = Int32)], CommandType='Text', CommandTimeout='30']
SELECT [s].[songID], [s].[albumID], [s].[artistID], [s].[bpm], [s].[chart], [s].[customMix], [s].[dateCreation], [s].[multitracks], [s].[patches], [s].[proPresenter], [s].[rehearsalMix], [s].[songSpecificPatches], [s].[timeSignature], [s].[title]
FROM [Song] AS [s]
ORDER BY (SELECT 1)
OFFSET @__p_0 ROWS FETCH NEXT @__p_1 ROWS ONLY
2023-11-03 20:04:59.1852 DEBUG Context 'CoreDbContext' started tracking 'Song' entity. Consider using 'DbContextOptionsBuilder.EnableSensitiveDataLogging' to see key values.
2023-11-03 20:04:59.1852 DEBUG Context 'CoreDbContext' started tracking 'Song' entity. Consider using 'DbContextOptionsBuilder.EnableSensitiveDataLogging' to see key values.
2023-11-03 20:04:59.1852 DEBUG Context 'CoreDbContext' started tracking 'Song' entity. Consider using 'DbContextOptionsBuilder.EnableSensitiveDataLogging' to see key values.
2023-11-03 20:04:59.1852 DEBUG Context 'CoreDbContext' started tracking 'Song' entity. Consider using 'DbContextOptionsBuilder.EnableSensitiveDataLogging' to see key values.
2023-11-03 20:04:59.1852 DEBUG Context 'CoreDbContext' started tracking 'Song' entity. Consider using 'DbContextOptionsBuilder.EnableSensitiveDataLogging' to see key values.
2023-11-03 20:04:59.1852 DEBUG Context 'CoreDbContext' started tracking 'Song' entity. Consider using 'DbContextOptionsBuilder.EnableSensitiveDataLogging' to see key values.
2023-11-03 20:04:59.1852 DEBUG Context 'CoreDbContext' started tracking 'Song' entity. Consider using 'DbContextOptionsBuilder.EnableSensitiveDataLogging' to see key values.
2023-11-03 20:04:59.1852 DEBUG Context 'CoreDbContext' started tracking 'Song' entity. Consider using 'DbContextOptionsBuilder.EnableSensitiveDataLogging' to see key values.
2023-11-03 20:04:59.1852 DEBUG Context 'CoreDbContext' started tracking 'Song' entity. Consider using 'DbContextOptionsBuilder.EnableSensitiveDataLogging' to see key values.
2023-11-03 20:04:59.1852 DEBUG Context 'CoreDbContext' started tracking 'Song' entity. Consider using 'DbContextOptionsBuilder.EnableSensitiveDataLogging' to see key values.
2023-11-03 20:04:59.1852 DEBUG A data reader was disposed.
2023-11-03 20:04:59.1852 DEBUG Closing connection to database 'MultiTracksDB' on server 'DIGIT\SQLEXPRESS'.
2023-11-03 20:04:59.1852 DEBUG Closed connection to database 'MultiTracksDB' on server 'DIGIT\SQLEXPRESS'.
2023-11-03 20:04:59.1852 INFO Executed action method MultiTracks.API.Controllers.SongController.GetAllSongs (MultiTracks.API), returned result Microsoft.AspNetCore.Mvc.OkObjectResult in 90.7319ms.
2023-11-03 20:04:59.1852 TRACE Action Filter: Before executing OnActionExecuted on filter Microsoft.AspNetCore.Mvc.Infrastructure.ModelStateInvalidFilter.
2023-11-03 20:04:59.1852 TRACE Action Filter: After executing OnActionExecuted on filter Microsoft.AspNetCore.Mvc.Infrastructure.ModelStateInvalidFilter.
2023-11-03 20:04:59.1852 TRACE Action Filter: Before executing OnActionExecuted on filter Microsoft.AspNetCore.Mvc.ModelBinding.UnsupportedContentTypeFilter.
2023-11-03 20:04:59.1852 TRACE Action Filter: After executing OnActionExecuted on filter Microsoft.AspNetCore.Mvc.ModelBinding.UnsupportedContentTypeFilter.
2023-11-03 20:04:59.1852 TRACE Result Filter: Before executing OnResultExecuting on filter Microsoft.AspNetCore.Mvc.Infrastructure.ClientErrorResultFilter.
2023-11-03 20:04:59.1852 TRACE Result Filter: After executing OnResultExecuting on filter Microsoft.AspNetCore.Mvc.Infrastructure.ClientErrorResultFilter.
2023-11-03 20:04:59.1852 TRACE Before executing action result Microsoft.AspNetCore.Mvc.OkObjectResult.
2023-11-03 20:04:59.1852 DEBUG List of registered output formatters, in the following order: Microsoft.AspNetCore.Mvc.Formatters.HttpNoContentOutputFormatter, Microsoft.AspNetCore.Mvc.Formatters.StringOutputFormatter, Microsoft.AspNetCore.Mvc.Formatters.StreamOutputFormatter, Microsoft.AspNetCore.Mvc.Formatters.SystemTextJsonOutputFormatter
2023-11-03 20:04:59.1852 DEBUG No information found on request to perform content negotiation.
2023-11-03 20:04:59.1852 DEBUG Attempting to select an output formatter without using a content type as no explicit content types were specified for the response.
2023-11-03 20:04:59.1852 DEBUG Attempting to select the first formatter in the output formatters list which can write the result.
2023-11-03 20:04:59.1852 DEBUG Selected output formatter 'Microsoft.AspNetCore.Mvc.Formatters.SystemTextJsonOutputFormatter' and content type 'application/json' to write the response.
2023-11-03 20:04:59.1852 INFO Executing ObjectResult, writing value of type 'MultiTracks.API.Models.Pagination.PagedResponse`1[[System.Collections.Generic.IEnumerable`1[[MultiTracks.API.Models.Song, MultiTracks.API, Version=1.0.0.0, Culture=neutral, PublicKeyToken=null]], System.Private.CoreLib, Version=4.0.0.0, Culture=neutral, PublicKeyToken=7cec85d7bea7798e]]'.
2023-11-03 20:04:59.2006 TRACE After executing action result Microsoft.AspNetCore.Mvc.OkObjectResult.
2023-11-03 20:04:59.2006 TRACE Result Filter: Before executing OnResultExecuted on filter Microsoft.AspNetCore.Mvc.Infrastructure.ClientErrorResultFilter.
2023-11-03 20:04:59.2006 TRACE Result Filter: After executing OnResultExecuted on filter Microsoft.AspNetCore.Mvc.Infrastructure.ClientErrorResultFilter.
2023-11-03 20:04:59.2006 INFO Executed action MultiTracks.API.Controllers.SongController.GetAllSongs (MultiTracks.API) in 104.1744ms
2023-11-03 20:04:59.2006 INFO Executed endpoint 'MultiTracks.API.Controllers.SongController.GetAllSongs (MultiTracks.API)'
2023-11-03 20:04:59.2006 DEBUG 'CoreDbContext' disposed.
2023-11-03 20:04:59.2006 INFO Request finished in 118.0563ms 200 application/json; charset=utf-8
2023-11-03 20:05:23.1960 INFO Request starting HTTP/2.0 POST https://localhost:44327/api.multitracks.com/artist/add application/json 97
2023-11-03 20:05:23.1960 TRACE All hosts are allowed.
2023-11-03 20:05:23.1960 DEBUG POST requests are not supported
2023-11-03 20:05:23.1985 DEBUG 1 candidate(s) found for the request path '/api.multitracks.com/artist/add'
2023-11-03 20:05:23.1985 DEBUG Endpoint 'MultiTracks.API.Controllers.ArtistController.Add (MultiTracks.API)' with route pattern 'api.multitracks.com/artist/add' is valid for the request path '/api.multitracks.com/artist/add'
2023-11-03 20:05:23.1985 DEBUG Request matched endpoint 'MultiTracks.API.Controllers.ArtistController.Add (MultiTracks.API)'
2023-11-03 20:05:23.1985 INFO Executing endpoint 'MultiTracks.API.Controllers.ArtistController.Add (MultiTracks.API)'
2023-11-03 20:05:23.1985 INFO Route matched with {action = "Add", controller = "Artist"}. Executing controller action with signature System.Threading.Tasks.Task`1[Microsoft.AspNetCore.Mvc.ActionResult] Add(MultiTracks.API.Models.DTO.CreateArtistDTO) on controller MultiTracks.API.Controllers.ArtistController (MultiTracks.API).
2023-11-03 20:05:23.1985 DEBUG Execution plan of authorization filters (in the following order): None
2023-11-03 20:05:23.1985 DEBUG Execution plan of resource filters (in the following order): None
2023-11-03 20:05:23.1985 DEBUG Execution plan of action filters (in the following order): Microsoft.AspNetCore.Mvc.ModelBinding.UnsupportedContentTypeFilter (Order: -3000), Microsoft.AspNetCore.Mvc.Infrastructure.ModelStateInvalidFilter (Order: -2000)
2023-11-03 20:05:23.1985 DEBUG Execution plan of exception filters (in the following order): None
2023-11-03 20:05:23.1985 DEBUG Execution plan of result filters (in the following order): Microsoft.AspNetCore.Mvc.Infrastructure.ClientErrorResultFilter (Order: -2000)
2023-11-03 20:05:23.1985 DEBUG Executing controller factory for controller MultiTracks.API.Controllers.ArtistController (MultiTracks.API)
2023-11-03 20:05:23.1985 DEBUG Executed controller factory for controller MultiTracks.API.Controllers.ArtistController (MultiTracks.API)
2023-11-03 20:05:23.1985 DEBUG Attempting to bind parameter 'artist' of type 'MultiTracks.API.Models.DTO.CreateArtistDTO' ...
2023-11-03 20:05:23.2258 DEBUG Attempting to bind parameter 'artist' of type 'MultiTracks.API.Models.DTO.CreateArtistDTO' using the name '' in request data ...
2023-11-03 20:05:23.2258 DEBUG Selected input formatter 'Microsoft.AspNetCore.Mvc.Formatters.SystemTextJsonInputFormatter' for content type 'application/json'.
2023-11-03 20:05:23.2315 DEBUG JSON input formatter succeeded, deserializing to type 'MultiTracks.API.Models.DTO.CreateArtistDTO'
2023-11-03 20:05:23.2315 DEBUG Done attempting to bind parameter 'artist' of type 'MultiTracks.API.Models.DTO.CreateArtistDTO'.
2023-11-03 20:05:23.2315 DEBUG Done attempting to bind parameter 'artist' of type 'MultiTracks.API.Models.DTO.CreateArtistDTO'.
2023-11-03 20:05:23.2315 DEBUG Attempting to validate the bound parameter 'artist' of type 'MultiTracks.API.Models.DTO.CreateArtistDTO' ...
2023-11-03 20:05:23.2315 DEBUG Done attempting to validate the bound parameter 'artist' of type 'MultiTracks.API.Models.DTO.CreateArtistDTO'.
2023-11-03 20:05:23.2315 TRACE Action Filter: Before executing OnActionExecuting on filter Microsoft.AspNetCore.Mvc.ModelBinding.UnsupportedContentTypeFilter.
2023-11-03 20:05:23.2315 TRACE Action Filter: After executing OnActionExecuting on filter Microsoft.AspNetCore.Mvc.ModelBinding.UnsupportedContentTypeFilter.
2023-11-03 20:05:23.2315 TRACE Action Filter: Before executing OnActionExecuting on filter Microsoft.AspNetCore.Mvc.Infrastructure.ModelStateInvalidFilter.
2023-11-03 20:05:23.2315 TRACE Action Filter: After executing OnActionExecuting on filter Microsoft.AspNetCore.Mvc.Infrastructure.ModelStateInvalidFilter.
2023-11-03 20:05:23.2315 INFO Executing action method MultiTracks.API.Controllers.ArtistController.Add (MultiTracks.API) - Validation state: Valid
2023-11-03 20:05:23.2315 TRACE Executing action method MultiTracks.API.Controllers.ArtistController.Add (MultiTracks.API) with arguments (MultiTracks.API.Models.DTO.CreateArtistDTO)
2023-11-03 20:05:23.2315 INFO Retrieving artist details
2023-11-03 20:05:23.2476 INFO Entity Framework Core 3.1.32 initialized 'CoreDbContext' using provider 'Microsoft.EntityFrameworkCore.SqlServer' with options: None
2023-11-03 20:05:23.2639 DEBUG 'CoreDbContext' generated a temporary value for the 'ArtistId' property of new 'Artist' entity. Consider using 'DbContextOptionsBuilder.EnableSensitiveDataLogging' to see key values.
2023-11-03 20:05:23.2639 DEBUG Context 'CoreDbContext' started tracking 'Artist' entity. Consider using 'DbContextOptionsBuilder.EnableSensitiveDataLogging' to see key values.
2023-11-03 20:05:27.7339 DEBUG SaveChanges starting for 'CoreDbContext'.
2023-11-03 20:05:27.7339 DEBUG DetectChanges starting for 'CoreDbContext'.
2023-11-03 20:05:27.7536 DEBUG DetectChanges completed for 'CoreDbContext'.
2023-11-03 20:05:27.7634 DEBUG Opening connection to database 'MultiTracksDB' on server 'DIGIT\SQLEXPRESS'.
2023-11-03 20:05:27.7920 DEBUG Opened connection to database 'MultiTracksDB' on server 'DIGIT\SQLEXPRESS'.
2023-11-03 20:05:27.7920 DEBUG Beginning transaction with isolation level 'Unspecified'.
2023-11-03 20:05:27.7920 DEBUG Began transaction with isolation level 'ReadCommitted'.
2023-11-03 20:05:27.8346 DEBUG Creating DbCommand for 'ExecuteReader'.
2023-11-03 20:05:27.8346 DEBUG Created DbCommand for 'ExecuteReader' (0ms).
2023-11-03 20:05:27.8346 DEBUG Executing DbCommand [Parameters=[@p0='?' (Size = 8000) (DbType = AnsiString), @p1='?' (Size = 500) (DbType = AnsiString), @p2='?' (Size = 500) (DbType = AnsiString), @p3='?' (Size = 100) (DbType = AnsiString)], CommandType='Text', CommandTimeout='30']
SET NOCOUNT ON;
INSERT INTO [Artist] ([biography], [heroURL], [imageURL], [title])
VALUES (@p0, @p1, @p2, @p3);
SELECT [artistID], [dateCreation]
FROM [Artist]
WHERE @@ROWCOUNT = 1 AND [artistID] = scope_identity();
2023-11-03 20:05:27.8474 INFO Executed DbCommand (12ms) [Parameters=[@p0='?' (Size = 8000) (DbType = AnsiString), @p1='?' (Size = 500) (DbType = AnsiString), @p2='?' (Size = 500) (DbType = AnsiString), @p3='?' (Size = 100) (DbType = AnsiString)], CommandType='Text', CommandTimeout='30']
SET NOCOUNT ON;
INSERT INTO [Artist] ([biography], [heroURL], [imageURL], [title])
VALUES (@p0, @p1, @p2, @p3);
SELECT [artistID], [dateCreation]
FROM [Artist]
WHERE @@ROWCOUNT = 1 AND [artistID] = scope_identity();
2023-11-03 20:05:27.8664 DEBUG Foreign key property 'Artist.ArtistId' detected as changed. Consider using 'DbContextOptionsBuilder.EnableSensitiveDataLogging' to see property values.
2023-11-03 20:05:27.8705 DEBUG A data reader was disposed.
2023-11-03 20:05:27.8705 DEBUG Committing transaction.
2023-11-03 20:05:27.8705 DEBUG Committing transaction.
2023-11-03 20:05:27.8705 DEBUG Closing connection to database 'MultiTracksDB' on server 'DIGIT\SQLEXPRESS'.
2023-11-03 20:05:27.8705 DEBUG Closed connection to database 'MultiTracksDB' on server 'DIGIT\SQLEXPRESS'.
2023-11-03 20:05:27.8705 DEBUG Disposing transaction.
2023-11-03 20:05:27.8923 DEBUG An 'Artist' entity tracked by 'CoreDbContext' changed from 'Added' to 'Unchanged'. Consider using 'DbContextOptionsBuilder.EnableSensitiveDataLogging' to see key values.
2023-11-03 20:05:27.8923 DEBUG SaveChanges completed for 'CoreDbContext' with 1 entities written to the database.
2023-11-03 20:05:27.8923 INFO Executed action method MultiTracks.API.Controllers.ArtistController.Add (MultiTracks.API), returned result Microsoft.AspNetCore.Mvc.OkResult in 4659.1598ms.
2023-11-03 20:05:27.8923 TRACE Action Filter: Before executing OnActionExecuted on filter Microsoft.AspNetCore.Mvc.Infrastructure.ModelStateInvalidFilter.
2023-11-03 20:05:27.8923 TRACE Action Filter: After executing OnActionExecuted on filter Microsoft.AspNetCore.Mvc.Infrastructure.ModelStateInvalidFilter.
2023-11-03 20:05:27.8923 TRACE Action Filter: Before executing OnActionExecuted on filter Microsoft.AspNetCore.Mvc.ModelBinding.UnsupportedContentTypeFilter.
2023-11-03 20:05:27.8923 TRACE Action Filter: After executing OnActionExecuted on filter Microsoft.AspNetCore.Mvc.ModelBinding.UnsupportedContentTypeFilter.
2023-11-03 20:05:27.8923 TRACE Result Filter: Before executing OnResultExecuting on filter Microsoft.AspNetCore.Mvc.Infrastructure.ClientErrorResultFilter.
2023-11-03 20:05:27.8923 TRACE Result Filter: After executing OnResultExecuting on filter Microsoft.AspNetCore.Mvc.Infrastructure.ClientErrorResultFilter.
2023-11-03 20:05:27.8923 TRACE Before executing action result Microsoft.AspNetCore.Mvc.OkResult.
2023-11-03 20:05:27.8923 INFO Executing HttpStatusCodeResult, setting HTTP status code 200
2023-11-03 20:05:27.8923 TRACE After executing action result Microsoft.AspNetCore.Mvc.OkResult.
2023-11-03 20:05:27.8923 TRACE Result Filter: Before executing OnResultExecuted on filter Microsoft.AspNetCore.Mvc.Infrastructure.ClientErrorResultFilter.
2023-11-03 20:05:27.8923 TRACE Result Filter: After executing OnResultExecuted on filter Microsoft.AspNetCore.Mvc.Infrastructure.ClientErrorResultFilter.
2023-11-03 20:05:27.8923 INFO Executed action MultiTracks.API.Controllers.ArtistController.Add (MultiTracks.API) in 4694.9195ms
2023-11-03 20:05:27.8923 INFO Executed endpoint 'MultiTracks.API.Controllers.ArtistController.Add (MultiTracks.API)'
2023-11-03 20:05:27.8923 DEBUG 'CoreDbContext' disposed.
2023-11-03 20:05:27.8923 INFO Request finished in 4704.5298ms 200 
2023-11-03 20:05:39.4911 INFO Request starting HTTP/2.0 GET https://localhost:44327/api.multitracks.com/artist/search?artistName=Ludacris  
2023-11-03 20:05:39.4911 TRACE All hosts are allowed.
2023-11-03 20:05:39.4911 DEBUG The request path  does not match the path filter
2023-11-03 20:05:39.4911 DEBUG 1 candidate(s) found for the request path '/api.multitracks.com/artist/search'
2023-11-03 20:05:39.4911 DEBUG Endpoint 'MultiTracks.API.Controllers.ArtistController.CreateNewArtist (MultiTracks.API)' with route pattern 'api.multitracks.com/artist/search' is valid for the request path '/api.multitracks.com/artist/search'
2023-11-03 20:05:39.4911 DEBUG Request matched endpoint 'MultiTracks.API.Controllers.ArtistController.CreateNewArtist (MultiTracks.API)'
2023-11-03 20:05:39.4911 INFO Executing endpoint 'MultiTracks.API.Controllers.ArtistController.CreateNewArtist (MultiTracks.API)'
2023-11-03 20:05:39.4958 INFO Route matched with {action = "CreateNewArtist", controller = "Artist"}. Executing controller action with signature System.Threading.Tasks.Task`1[Microsoft.AspNetCore.Mvc.IActionResult] CreateNewArtist(System.String) on controller MultiTracks.API.Controllers.ArtistController (MultiTracks.API).
2023-11-03 20:05:39.4958 DEBUG Execution plan of authorization filters (in the following order): None
2023-11-03 20:05:39.4958 DEBUG Execution plan of resource filters (in the following order): None
2023-11-03 20:05:39.4958 DEBUG Execution plan of action filters (in the following order): Microsoft.AspNetCore.Mvc.ModelBinding.UnsupportedContentTypeFilter (Order: -3000), Microsoft.AspNetCore.Mvc.Infrastructure.ModelStateInvalidFilter (Order: -2000)
2023-11-03 20:05:39.4958 DEBUG Execution plan of exception filters (in the following order): None
2023-11-03 20:05:39.4958 DEBUG Execution plan of result filters (in the following order): Microsoft.AspNetCore.Mvc.Infrastructure.ClientErrorResultFilter (Order: -2000)
2023-11-03 20:05:39.4958 DEBUG Executing controller factory for controller MultiTracks.API.Controllers.ArtistController (MultiTracks.API)
2023-11-03 20:05:39.4958 DEBUG Executed controller factory for controller MultiTracks.API.Controllers.ArtistController (MultiTracks.API)
2023-11-03 20:05:39.4958 DEBUG Attempting to bind parameter 'artistName' of type 'System.String' ...
2023-11-03 20:05:39.4958 DEBUG Attempting to bind parameter 'artistName' of type 'System.String' using the name 'artistName' in request data ...
2023-11-03 20:05:39.4958 DEBUG Done attempting to bind parameter 'artistName' of type 'System.String'.
2023-11-03 20:05:39.4958 DEBUG Done attempting to bind parameter 'artistName' of type 'System.String'.
2023-11-03 20:05:39.4958 DEBUG Attempting to validate the bound parameter 'artistName' of type 'System.String' ...
2023-11-03 20:05:39.4958 DEBUG Done attempting to validate the bound parameter 'artistName' of type 'System.String'.
2023-11-03 20:05:39.4958 TRACE Action Filter: Before executing OnActionExecuting on filter Microsoft.AspNetCore.Mvc.ModelBinding.UnsupportedContentTypeFilter.
2023-11-03 20:05:39.4958 TRACE Action Filter: After executing OnActionExecuting on filter Microsoft.AspNetCore.Mvc.ModelBinding.UnsupportedContentTypeFilter.
2023-11-03 20:05:39.4958 TRACE Action Filter: Before executing OnActionExecuting on filter Microsoft.AspNetCore.Mvc.Infrastructure.ModelStateInvalidFilter.
2023-11-03 20:05:39.4958 TRACE Action Filter: After executing OnActionExecuting on filter Microsoft.AspNetCore.Mvc.Infrastructure.ModelStateInvalidFilter.
2023-11-03 20:05:39.4958 INFO Executing action method MultiTracks.API.Controllers.ArtistController.CreateNewArtist (MultiTracks.API) - Validation state: Valid
2023-11-03 20:05:39.4958 TRACE Executing action method MultiTracks.API.Controllers.ArtistController.CreateNewArtist (MultiTracks.API) with arguments (Ludacris)
2023-11-03 20:05:39.4958 INFO Attempting to create new artist
2023-11-03 20:05:39.4958 INFO Entity Framework Core 3.1.32 initialized 'CoreDbContext' using provider 'Microsoft.EntityFrameworkCore.SqlServer' with options: None
2023-11-03 20:05:39.4958 DEBUG Creating DbCommand for 'ExecuteReader'.
2023-11-03 20:05:39.4958 DEBUG Created DbCommand for 'ExecuteReader' (0ms).
2023-11-03 20:05:39.4958 DEBUG Opening connection to database 'MultiTracksDB' on server 'DIGIT\SQLEXPRESS'.
2023-11-03 20:05:39.5129 DEBUG Opened connection to database 'MultiTracksDB' on server 'DIGIT\SQLEXPRESS'.
2023-11-03 20:05:39.5129 DEBUG Executing DbCommand [Parameters=[@__artistName_0='?' (Size = 100) (DbType = AnsiString)], CommandType='Text', CommandTimeout='30']
SELECT TOP(1) [a].[artistID], [a].[biography], [a].[dateCreation], [a].[heroURL], [a].[imageURL], [a].[title]
FROM [Artist] AS [a]
WHERE [a].[title] = @__artistName_0
2023-11-03 20:05:39.5129 INFO Executed DbCommand (3ms) [Parameters=[@__artistName_0='?' (Size = 100) (DbType = AnsiString)], CommandType='Text', CommandTimeout='30']
SELECT TOP(1) [a].[artistID], [a].[biography], [a].[dateCreation], [a].[heroURL], [a].[imageURL], [a].[title]
FROM [Artist] AS [a]
WHERE [a].[title] = @__artistName_0
2023-11-03 20:05:39.5129 DEBUG Context 'CoreDbContext' started tracking 'Artist' entity. Consider using 'DbContextOptionsBuilder.EnableSensitiveDataLogging' to see key values.
2023-11-03 20:05:39.5129 DEBUG A data reader was disposed.
2023-11-03 20:05:39.5129 DEBUG Closing connection to database 'MultiTracksDB' on server 'DIGIT\SQLEXPRESS'.
2023-11-03 20:05:39.5129 DEBUG Closed connection to database 'MultiTracksDB' on server 'DIGIT\SQLEXPRESS'.
2023-11-03 20:05:39.5129 INFO Executed action method MultiTracks.API.Controllers.ArtistController.CreateNewArtist (MultiTracks.API), returned result Microsoft.AspNetCore.Mvc.OkObjectResult in 20.9522ms.
2023-11-03 20:05:39.5129 TRACE Action Filter: Before executing OnActionExecuted on filter Microsoft.AspNetCore.Mvc.Infrastructure.ModelStateInvalidFilter.
2023-11-03 20:05:39.5129 TRACE Action Filter: After executing OnActionExecuted on filter Microsoft.AspNetCore.Mvc.Infrastructure.ModelStateInvalidFilter.
2023-11-03 20:05:39.5129 TRACE Action Filter: Before executing OnActionExecuted on filter Microsoft.AspNetCore.Mvc.ModelBinding.UnsupportedContentTypeFilter.
2023-11-03 20:05:39.5129 TRACE Action Filter: After executing OnActionExecuted on filter Microsoft.AspNetCore.Mvc.ModelBinding.UnsupportedContentTypeFilter.
2023-11-03 20:05:39.5129 TRACE Result Filter: Before executing OnResultExecuting on filter Microsoft.AspNetCore.Mvc.Infrastructure.ClientErrorResultFilter.
2023-11-03 20:05:39.5129 TRACE Result Filter: After executing OnResultExecuting on filter Microsoft.AspNetCore.Mvc.Infrastructure.ClientErrorResultFilter.
2023-11-03 20:05:39.5129 TRACE Before executing action result Microsoft.AspNetCore.Mvc.OkObjectResult.
2023-11-03 20:05:39.5129 DEBUG List of registered output formatters, in the following order: Microsoft.AspNetCore.Mvc.Formatters.HttpNoContentOutputFormatter, Microsoft.AspNetCore.Mvc.Formatters.StringOutputFormatter, Microsoft.AspNetCore.Mvc.Formatters.StreamOutputFormatter, Microsoft.AspNetCore.Mvc.Formatters.SystemTextJsonOutputFormatter
2023-11-03 20:05:39.5129 DEBUG No information found on request to perform content negotiation.
2023-11-03 20:05:39.5129 DEBUG Attempting to select an output formatter without using a content type as no explicit content types were specified for the response.
2023-11-03 20:05:39.5129 DEBUG Attempting to select the first formatter in the output formatters list which can write the result.
2023-11-03 20:05:39.5129 DEBUG Selected output formatter 'Microsoft.AspNetCore.Mvc.Formatters.SystemTextJsonOutputFormatter' and content type 'application/json' to write the response.
2023-11-03 20:05:39.5129 INFO Executing ObjectResult, writing value of type 'MultiTracks.API.Models.DTO.Response`1[[MultiTracks.API.Models.Artist, MultiTracks.API, Version=1.0.0.0, Culture=neutral, PublicKeyToken=null]]'.
2023-11-03 20:05:39.5129 TRACE After executing action result Microsoft.AspNetCore.Mvc.OkObjectResult.
2023-11-03 20:05:39.5129 TRACE Result Filter: Before executing OnResultExecuted on filter Microsoft.AspNetCore.Mvc.Infrastructure.ClientErrorResultFilter.
2023-11-03 20:05:39.5129 TRACE Result Filter: After executing OnResultExecuted on filter Microsoft.AspNetCore.Mvc.Infrastructure.ClientErrorResultFilter.
2023-11-03 20:05:39.5129 INFO Executed action MultiTracks.API.Controllers.ArtistController.CreateNewArtist (MultiTracks.API) in 24.5089ms
2023-11-03 20:05:39.5129 INFO Executed endpoint 'MultiTracks.API.Controllers.ArtistController.CreateNewArtist (MultiTracks.API)'
2023-11-03 20:05:39.5129 DEBUG 'CoreDbContext' disposed.
2023-11-03 20:05:39.5129 INFO Request finished in 30.4025ms 200 application/json; charset=utf-8
2023-11-03 20:06:35.9249 DEBUG Hosting starting
2023-11-03 20:06:36.1617 DEBUG Loaded hosting startup assembly MultiTracks.API
2023-11-03 20:06:36.1806 INFO Application started. Press Ctrl+C to shut down.
2023-11-03 20:06:36.1806 INFO Hosting environment: Development
2023-11-03 20:06:36.1806 INFO Content root path: C:\Users\IKECHUKWU\Desktop\MultiTracks\.net\MultiTracks.API
2023-11-03 20:06:36.1806 DEBUG Hosting started
2023-11-03 20:06:36.1947 INFO Request starting HTTP/2.0 GET https://localhost:44327/swagger/index.html  
2023-11-03 20:06:36.1947 DEBUG Wildcard detected, all requests with hosts will be allowed.
2023-11-03 20:06:36.1947 TRACE All hosts are allowed.
2023-11-03 20:06:36.2577 INFO Request finished in 63.9141ms 200 text/html;charset=utf-8
2023-11-03 20:06:36.5264 INFO Request starting HTTP/2.0 GET https://localhost:44327/swagger/v1/swagger.json  
2023-11-03 20:06:36.5264 TRACE All hosts are allowed.
2023-11-03 20:06:36.6051 INFO Request finished in 76.4027ms 200 application/json;charset=utf-8
2023-11-03 20:08:30.5392 DEBUG Hosting starting
2023-11-03 20:08:30.7868 DEBUG Loaded hosting startup assembly MultiTracks.API
2023-11-03 20:08:30.7987 INFO Application started. Press Ctrl+C to shut down.
2023-11-03 20:08:30.7987 INFO Hosting environment: Development
2023-11-03 20:08:30.7987 INFO Content root path: C:\Users\IKECHUKWU\Desktop\MultiTracks\.net\MultiTracks.API
2023-11-03 20:08:30.7987 DEBUG Hosting started
2023-11-03 20:08:30.8097 INFO Request starting HTTP/2.0 GET https://localhost:44327/swagger/index.html  
2023-11-03 20:08:30.8097 DEBUG Wildcard detected, all requests with hosts will be allowed.
2023-11-03 20:08:30.8097 TRACE All hosts are allowed.
2023-11-03 20:08:30.8754 INFO Request finished in 66.7694ms 200 text/html;charset=utf-8
2023-11-03 20:08:31.0844 INFO Request starting HTTP/2.0 GET https://localhost:44327/swagger/v1/swagger.json  
2023-11-03 20:08:31.0844 TRACE All hosts are allowed.
2023-11-03 20:08:31.1481 INFO Request finished in 63.2606ms 200 application/json;charset=utf-8
